<?xml version="1.0" encoding="UTF-8"?>
<!-- Generated by org.testng.reporters.JUnitXMLReporter -->
<testsuite ignored="0" hostname="DESKTOP-VIRBGBF" failures="1" tests="4" name="Test" time="0.123" errors="0" timestamp="2021-08-25T15:36:29 IST">
  <testcase classname="Login" name="test1" time="0.009"/>
  <testcase classname="Login" name="test2" time="0.013">
    <failure type="java.lang.AssertionError" message="expected [false] but found [true]">
      <![CDATA[java.lang.AssertionError: expected [false] but found [true]
at Login.test2(Login.java:28)
at java.base/java.util.ArrayList.forEach(ArrayList.java:1511)
... Removed 33 stack frames]]>
    </failure>
  </testcase> <!-- test2 -->
  <testcase classname="Login" name="test4" time="0.003"/>
  <testcase classname="Login" name="test3" time="0.0">
    <skipped/>
  </testcase> <!-- test3 -->
</testsuite> <!-- Test -->
